<?xml version="1.0" encoding="UTF-8"?>
<!-- Generated by org.testng.reporters.JUnitXMLReporter -->
<testsuite ignored="0" hostname="MrB" failures="1" tests="1" name="Failed ScreenShotTest NOTE:&#039;Its not a Test Case&#039;" time="2.024" errors="0" timestamp="2021-05-01T00:45:03 EDT">
  <testcase classname="TestCases.ScreenShotTest" name="screenShotTest" time="1.18">
    <failure type="java.lang.AssertionError">
      <![CDATA[java.lang.AssertionError
at org.junit.Assert.fail(Assert.java:87)
at org.junit.Assert.fail(Assert.java:96)
at TestCases.ScreenShotTest.screenShotTest(ScreenShotTest.java:23)
at java.base/java.util.ArrayList.forEach(ArrayList.java:1511)
... Removed 27 stack frames]]>
    </failure>
  </testcase> <!-- screenShotTest -->
</testsuite> <!-- Failed ScreenShotTest NOTE:'Its not a Test Case' -->
