<?xml version="1.0" encoding="UTF-8"?>
<!-- Generated by org.testng.reporters.JUnitXMLReporter -->
<testsuite ignored="0" hostname="MrB" failures="1" tests="1" name="Test" time="8.83" errors="0" timestamp="2021-05-01T00:24:35 EDT">
  <testcase classname="TestCases.UpdateProfileTest" name="updateProfile" time="7.017">
    <failure type="java.lang.AssertionError">
      <![CDATA[java.lang.AssertionError
at org.junit.Assert.fail(Assert.java:87)
at org.junit.Assert.fail(Assert.java:96)
at TestCases.UpdateProfileTest.updateProfile(UpdateProfileTest.java:39)
at java.base/java.util.ArrayList.forEach(ArrayList.java:1511)
... Removed 27 stack frames]]>
    </failure>
  </testcase> <!-- updateProfile -->
</testsuite> <!-- Test -->
